RingID [1:love]
Listen [1:8814]
Pi [1:3.14159]
<Node> [1:N1] [2:US Rack-13D-18 "San Jose's"]
    IP ::Node [1:192.168.10.1]
    RV ::Node [1:6276] [2:8575] [3:4492] [4:9504]
</Node> [1:N1] [2:US Rack-13D-18 "San Jose's"]
<Node> [1:N2] [2:KR Rack-48H-31 "Seoul's"]
    IP ::Node [1:192.168.10.2]
    RV ::Node [1:5868] [2:5642] [3:7804] [4:3507]
</Node> [1:N2] [2:KR Rack-48H-31 "Seoul's"]
<Map>
    Join ::Map [1:N1] [2:N2]
    Distribution ::Map [1:name]
    <Partition> ::Map [1:/data] [2:22]
        Join ::Partition ::Map [1:n4] [2:n5]
    </Partition> ::Map [1:/data] [2:22]
    <Partition> ::Map [1:/logs] [2:14]
        Distribution ::Partition ::Map [1:path]
    </Partition> ::Map [1:/logs] [2:14]
    Join ::Map [1:x]
</Map>
Successfully loaded.

[MyConf structure]
MyConf.ringid=love
MyConf.num_partitions=2
MyConf.sum_partitions=36
